<?xml version="1.0" encoding="UTF-8"?>
<!-- Generated by org.testng.reporters.JUnitReportReporter -->
<testsuite hostname="LAPTOP-0QATUJUE" failures="0" tests="4" name="TestScripts.HotelSearchTest" time="149.316" errors="0" timestamp="2020-04-13T20:22:09 EDT" skipped="0">
  <testcase classname="TestScripts.HotelSearchTest" name="testCase2" time="75.334"/>
  <testcase classname="TestScripts.HotelSearchTest" name="testCase1" time="20.871"/>
  <testcase classname="TestScripts.HotelSearchTest" name="testCase4" time="25.310"/>
  <testcase classname="TestScripts.HotelSearchTest" name="testCase3" time="27.801"/>
</testsuite> <!-- TestScripts.HotelSearchTest -->
