<?xml version="1.0" encoding="UTF-8"?>
<!-- Generated by org.testng.reporters.JUnitReportReporter -->
<testsuite hostname="LAPTOP-0QATUJUE" failures="0" tests="2" name="TestScripts.LoginFunctionalityTest" time="121.639" errors="0" timestamp="2020-04-15T21:30:30 EDT" skipped="0">
  <testcase classname="TestScripts.LoginFunctionalityTest" name="testCase1" time="63.624"/>
  <testcase classname="TestScripts.LoginFunctionalityTest" name="testCase1" time="58.015"/>
</testsuite> <!-- TestScripts.LoginFunctionalityTest -->
