<?xml version="1.0" encoding="UTF-8"?>
<!-- Generated by org.testng.reporters.JUnitReportReporter -->
<testsuite hostname="LAPTOP-0QATUJUE" failures="0" tests="2" name="TestScripts.SearchProductsWithRobotClassTest" time="80.250" errors="0" timestamp="2020-04-15T21:30:30 EDT" skipped="0">
  <testcase classname="TestScripts.SearchProductsWithRobotClassTest" name="searchUsingRobotClass" time="31.694"/>
  <testcase classname="TestScripts.SearchProductsWithRobotClassTest" name="searchUsingRobotClass" time="48.556"/>
</testsuite> <!-- TestScripts.SearchProductsWithRobotClassTest -->
