<?xml version="1.0" encoding="UTF-8"?>
<!-- Generated by org.testng.reporters.JUnitReportReporter -->
<testsuite hostname="LAPTOP-0QATUJUE" failures="0" tests="2" name="TestScripts.SearchProductsTest" time="98.750" errors="0" timestamp="2020-04-15T21:30:30 EDT" skipped="0">
  <testcase classname="TestScripts.SearchProductsTest" name="searchProducts" time="57.882"/>
  <testcase classname="TestScripts.SearchProductsTest" name="searchProducts" time="40.868"/>
</testsuite> <!-- TestScripts.SearchProductsTest -->
